<?xml version="1.0" encoding="UTF-8"?>
<testsuite name="com.aor.numbers.ListAggregatorTest" tests="6" skipped="0" failures="0" errors="0" timestamp="2021-12-01T16:11:43" hostname="LEANDRO" time="0.016">
  <properties/>
  <testcase name="testing_distinct()" classname="com.aor.numbers.ListAggregatorTest" time="0.006"/>
  <testcase name="testing_max()" classname="com.aor.numbers.ListAggregatorTest" time="0.001"/>
  <testcase name="max()" classname="com.aor.numbers.ListAggregatorTest" time="0.002"/>
  <testcase name="min()" classname="com.aor.numbers.ListAggregatorTest" time="0.001"/>
  <testcase name="sum()" classname="com.aor.numbers.ListAggregatorTest" time="0.002"/>
  <testcase name="distinct()" classname="com.aor.numbers.ListAggregatorTest" time="0.001"/>
  <system-out><![CDATA[]]></system-out>
  <system-err><![CDATA[]]></system-err>
</testsuite>
