<?xml version="1.0" encoding="UTF-8"?>
<testsuite name="com.aor.numbers.ListDeduplicatorTest" tests="2" skipped="0" failures="0" errors="0" timestamp="2021-12-26T16:36:42" hostname="LEANDRO" time="0.002">
  <properties/>
  <testcase name="Test_deduplicate()" classname="com.aor.numbers.ListDeduplicatorTest" time="0.001"/>
  <testcase name="deduplicate()" classname="com.aor.numbers.ListDeduplicatorTest" time="0.001"/>
  <system-out><![CDATA[]]></system-out>
  <system-err><![CDATA[]]></system-err>
</testsuite>
