<?xml version="1.0" encoding="UTF-8"?>
<testsuite name="com.aor.numbers.ListDeduplicatorTest" tests="2" skipped="0" failures="0" errors="0" timestamp="2021-12-01T17:04:21" hostname="LEANDRO" time="0.045">
  <properties/>
  <testcase name="Test_deduplicate()" classname="com.aor.numbers.ListDeduplicatorTest" time="0.042"/>
  <testcase name="deduplicate()" classname="com.aor.numbers.ListDeduplicatorTest" time="0.002"/>
  <system-out><![CDATA[]]></system-out>
  <system-err><![CDATA[]]></system-err>
</testsuite>
